<?xml version="1.0" encoding="UTF-8"?>
<!-- Generated by org.testng.reporters.JUnitXMLReporter -->
<testsuite ignored="0" hostname="NTB-257" failures="0" tests="3" name="Submit and cancel reservation" time="34.316" errors="0" timestamp="2023-04-12T13:46:52 CEST">
  <testcase classname="Academy.Desq.E2E07" name="submitAndCancelReservation" time="6.847"/>
  <testcase classname="Academy.Desq.E2E07" name="submitAndCancelReservation" time="6.283"/>
  <testcase classname="Academy.Desq.E2E07" name="submitAndCancelReservation" time="5.783"/>
</testsuite> <!-- Submit and cancel reservation -->
