<?xml version="1.0" encoding="UTF-8"?>
<!-- Generated by org.testng.reporters.JUnitXMLReporter -->
<testsuite ignored="0" hostname="NTB-257" failures="0" tests="4" name="Submit and do cancel reservation" time="38.946" errors="0" timestamp="2023-04-11T16:33:49 CEST">
  <testcase classname="Academy.Desq.E2E07" name="submitAndCancelReservation" time="7.586">
    <skipped/>
  </testcase> <!-- submitAndCancelReservation -->
  <testcase classname="Academy.Desq.E2E07" name="submitAndCancelReservation" time="5.068"/>
  <testcase classname="Academy.Desq.E2E07" name="submitAndCancelReservation" time="5.356"/>
  <testcase classname="Academy.Desq.E2E07" name="submitAndCancelReservation" time="5.174"/>
</testsuite> <!-- Submit and do cancel reservation -->
