<?xml version="1.0" encoding="UTF-8"?>
<!-- Generated by org.testng.reporters.JUnitXMLReporter -->
<testsuite ignored="0" hostname="NTB-257" failures="0" tests="4" name="Test" time="38.324" errors="0" timestamp="2023-04-11T14:14:29 CEST">
  <testcase classname="Academy.Desq.E2E06" name="submitAndCancelReservation" time="5.296"/>
  <testcase classname="Academy.Desq.E2E06" name="submitAndCancelReservation" time="5.327"/>
  <testcase classname="Academy.Desq.E2E06" name="submitAndCancelReservation" time="8.788">
    <skipped/>
  </testcase> <!-- submitAndCancelReservation -->
  <testcase classname="Academy.Desq.E2E06" name="submitAndCancelReservation" time="5.318"/>
</testsuite> <!-- Test -->
